<?xml version="1.0" encoding="UTF-8"?>
<testng-results skipped="0" failed="0" ignored="0" total="1" passed="1">
  <reporter-output>
  </reporter-output>
  <suite name="Default suite" duration-ms="28005" started-at="2022-12-13T04:42:18Z" finished-at="2022-12-13T04:42:46Z">
    <groups>
    </groups>
    <test name="Default test" duration-ms="28005" started-at="2022-12-13T04:42:18Z" finished-at="2022-12-13T04:42:46Z">
      <class name="Hlo">
        <test-method status="PASS" signature="m1()[pri:0, instance:Hlo@6a4f787b]" name="m1" duration-ms="27944" started-at="2022-12-13T04:42:18Z" finished-at="2022-12-13T04:42:46Z">
          <reporter-output>
          </reporter-output>
        </test-method> <!-- m1 -->
      </class> <!-- Hlo -->
    </test> <!-- Default test -->
  </suite> <!-- Default suite -->
</testng-results>
